<?xml version="1.0" encoding="UTF-8"?>
<!-- Generated by org.testng.reporters.JUnitXMLReporter -->
<testsuite ignored="0" hostname="DESKTOP-9MGGFV1" failures="0" tests="5" name="SampleTest" time="51.788" errors="0" timestamp="2022-04-18T19:52:01 IST">
  <testcase classname="com.ifs.AutomationExerciseNew.TestNGExercise" name="setUpChrome" time="6.279"/>
  <testcase classname="com.ifs.AutomationExerciseNew.TestNGExercise" name="siteNavigation" time="4.353"/>
  <testcase classname="com.ifs.AutomationExerciseNew.TestNGExercise" name="siteLogIn" time="26.587"/>
  <testcase classname="com.ifs.AutomationExerciseNew.TestNGExercise" name="searchItem" time="3.353"/>
  <testcase classname="com.ifs.AutomationExerciseNew.TestNGExercise" name="addIeam" time="11.168"/>
</testsuite> <!-- SampleTest -->
